<rss xmlns:g="http://base.google.com/ns/1.0" version="2.0">
  <channel>
    <title>AP PRINTING</title>
    <link>https://www.apprinting.com/</link>
    <item>
      <g:id>2948</g:id>
      <g:link>https://www.apprinting.com/elegant-simple-wedding-invitation/</g:link>
      <g:image_link>https://ysnopsnrbq.s3.us-west-1.amazonaws.com/apprinting/images/product/collage_08182319202212.jpg</g:image_link>
      <g:additional_image_link>https://ysnopsnrbq.s3.us-west-1.amazonaws.com/apprinting/images/products_gallery_images/collage_08185719202212_thumb.jpg</g:additional_image_link>
      <g:additional_image_link>https://ysnopsnrbq.s3.us-west-1.amazonaws.com/apprinting/images/products_gallery_images/collage-2_08191019202212_thumb.jpg</g:additional_image_link>
      <g:additional_image_link>https://ysnopsnrbq.s3.us-west-1.amazonaws.com/apprinting/images/products_gallery_images/collage-3_08192419202212_thumb.jpg</g:additional_image_link>
      <g:additional_image_link>https://ysnopsnrbq.s3.us-west-1.amazonaws.com/apprinting/images/products_gallery_images/collage-4_08193919202212_thumb.jpg</g:additional_image_link>
      <g:additional_image_link>https://ysnopsnrbq.s3.us-west-1.amazonaws.com/apprinting/images/products_gallery_images/collage-5_08195119202212_thumb.jpg</g:additional_image_link>
      <g:availability>in stock</g:availability>
      <g:price>1.5 USD</g:price>
      <g:condition>new</g:condition>
      <g:brand>AP PRINTING</g:brand>
      <g:sku>251-313</g:sku>
      <g:adult>no</g:adult>
      <g:identifier_exists>no</g:identifier_exists>
      <g:title>Modern Minimalist Black &amp; White Wedding Invitation | Customizable Vietnamese Bilingual Calligraphy Design | Metallic Paper | Affordable DIY</g:title>
      <g:description>Modern Minimalist Black &amp; White Wedding Invitations featuring elegant Vietnamese bilingual calligraphy. Customizable design printed on high-quality metallic paper. Affordable DIY option lets you create stunning invitations without breaking the bank. Perfect for a chic and personalized wedding.</g:description>
      <g:product_type>Wedding Invitation</g:product_type>
      <g:google_product_category>Arts &amp;amp; Entertainment > Party &amp; Celebration > Party Supplies > Invitations</g:google_product_category>
      <g:size>5x7</g:size>
      <g:color>Black/White</g:color>
      <g:material>Premium Matte, Linen, or Metallic Shimmer</g:material>
      <g:pattern>Letters</g:pattern>
      <g:size_type>Standard</g:size_type>
      <g:size_system>US</g:size_system>
      <g:gender>unisex</g:gender>
      <g:age_group>adult</g:age_group>
      <g:custom_label_0>Wedding Invitations</g:custom_label_0>
      <g:custom_label_1>Vietnamese</g:custom_label_1>
      <g:custom_label_2>black/white</g:custom_label_2>
      <g:custom_label_3>minimalistic</g:custom_label_3>
      <g:shipping>
        <g:country>US</g:country>
        <g:service>Standard shipping</g:service>
      </g:shipping>
      <g:min_handling_time>3</g:min_handling_time>
      <g:shipping_weight>0.2 lb</g:shipping_weight>
      <g:shipping_length>12 in</g:shipping_length>
      <g:shipping_width>9 in</g:shipping_width>
      <g:shipping_height>6 in</g:shipping_height>
      <g:product_highlight>Modern Minimalist Black &amp; White Wedding Invitations.</g:product_highlight>
      <g:product_highlight>Premium cardstock choices: matte, linen, or metallic shimmer.</g:product_highlight>
      <g:product_highlight>5x7 inches standard size for easy mailing and display.</g:product_highlight>
      <g:product_highlight>Bilingual customization available: Spanish, Vietnamese, Chinese, and English.</g:product_highlight>
      <g:is_bundle>yes</g:is_bundle>
    </item>
  </channel>
</rss>  
