<rss xmlns:g="http://base.google.com/ns/1.0" version="2.0">
  <channel>
    <title>AP PRINTING</title>
    <link>https://www.apprinting.com/</link>
    <item>
      <g:id>5606</g:id>
      <g:title>Gold Leaves Foil Wedding Invitation – 5x7 Elegant Design</g:title>
      <g:description>Gold Leaves Foil Wedding Invitation – 5x7 Elegant Design with intricate Leaves Foil foil details. Premium 5"x7" invitation available in Premium Matte, Linen, or Metallic Shimmer. Ideal for weddings &amp;amp; special events.</g:description>
      <g:link>https://www.apprinting.com/beautiful-gold-leaves-foil-wedding-invitation/</g:link>
      <g:image_link>https://ysnopsnrbq.s3.us-west-1.amazonaws.com/apprinting/images/product/Miniature_04534815202408.jpg</g:image_link>
      <g:additional_image_link>https://ysnopsnrbq.s3.us-west-1.amazonaws.com/apprinting/images/products_gallery_images/Collage_1_1723766050755_thumb.jpg</g:additional_image_link>
      <g:additional_image_link>https://ysnopsnrbq.s3.us-west-1.amazonaws.com/apprinting/images/products_gallery_images/Collage_2_1723766060044_thumb.jpg</g:additional_image_link>
      <g:additional_image_link>https://ysnopsnrbq.s3.us-west-1.amazonaws.com/apprinting/images/products_gallery_images/Collage_3_1723766076385_thumb.jpg</g:additional_image_link>
      <g:additional_image_link>https://ysnopsnrbq.s3.us-west-1.amazonaws.com/apprinting/images/products_gallery_images/Collage_4_1723766104438_thumb.jpg</g:additional_image_link>
      <g:price>2.91 USD</g:price>
      <g:color>Gold/Gray/DustyRose</g:color>
      <g:pattern>Leaves Foil</g:pattern>
      <g:material>Premium Matte, Linen, or Metallic Shimmer</g:material>
      <g:custom_label_0>Wedding Invitations</g:custom_label_0>
      <g:custom_label_1>Foil</g:custom_label_1>
      <g:custom_label_2>Gold</g:custom_label_2>
      <g:custom_label_3>Luxury Design</g:custom_label_3>
      <g:sku>251-362</g:sku>
      <g:size>5x7</g:size>
      <g:product_highlight>Elegant gold invitations with intricate foil leaves—perfect for sophisticated weddings and upscale events.</g:product_highlight>
      <g:product_highlight>Premium cardstock choices: matte, linen, or metallic shimmer.</g:product_highlight>
      <g:product_highlight>5x7 inches standard size for easy mailing and display.</g:product_highlight>
      <g:product_highlight>Bilingual customization available: Spanish, Vietnamese, Chinese, and English.</g:product_highlight>
      <g:product_highlight>Bundle includes: Main Card, Reception Card, Response Card (RSVP), and Envelope.</g:product_highlight>
      <g:min_handling_time>3</g:min_handling_time>
      <g:shipping_weight unit="lb">0.2</g:shipping_weight>
      <g:shipping_length unit="in">12</g:shipping_length>
      <g:shipping_width unit="in">9</g:shipping_width>
      <g:shipping_height unit="in">6</g:shipping_height>
      <g:shipping>
        <g:country>US</g:country>
        <g:service>Standard shipping</g:service>
      </g:shipping>
      <g:availability>in stock</g:availability>
      <g:condition>new</g:condition>
      <g:brand>AP PRINTING</g:brand>
      <g:size_type>Standard</g:size_type>
      <g:adult>no</g:adult>
      <g:identifier_exists>no</g:identifier_exists>
      <g:product_type>Wedding Invitation</g:product_type>
      <g:google_product_category>Arts &amp;amp; Entertainment > Party &amp;amp; Celebration > Party Supplies > Invitations</g:google_product_category>
      <g:is_bundle>yes</g:is_bundle>
      <g:size_system>US</g:size_system>
      <g:gender>unisex</g:gender>
      <g:age_group>adult</g:age_group>
    </item>
  </channel>
</rss>  
